[2025-07-27 14:42:17] [SERVICE] Performing hourly forced configuration update
[2025-07-27 14:42:17] [SERVICE] Updating configuration...
[2025-07-27 14:42:17] [SERVICE] Configuration updated successfully
[2025-07-27 14:42:17] [SERVICE] Service uptime: 1h 0m
[2025-07-27 14:50:59] [SERVICE] Performing hourly forced configuration update
[2025-07-27 14:50:59] [SERVICE] Performing hourly forced configuration update
[2025-07-27 14:50:59] [SERVICE] Updating configuration...
[2025-07-27 14:50:59] [SERVICE] Updating configuration...
[2025-07-27 14:50:59] [SERVICE] Configuration updated successfully
[2025-07-27 14:50:59] [SERVICE] Configuration updated successfully
[2025-07-27 14:50:59] [SERVICE] Service uptime: 1h 0m
[2025-07-27 14:50:59] [SERVICE] Service uptime: 1h 0m
[2025-07-27 14:50:59] [SERVICE] Performing hourly forced configuration update
[2025-07-27 14:50:59] [SERVICE] Updating configuration...
[2025-07-27 14:50:59] [SERVICE] Configuration updated successfully
[2025-07-27 14:50:59] [SERVICE] Service uptime: 1h 0m
[2025-07-27 15:42:18] [SERVICE] Performing hourly forced configuration update
[2025-07-27 15:42:18] [SERVICE] Updating configuration...
[2025-07-27 15:42:18] [SERVICE] Configuration updated successfully
[2025-07-27 15:42:18] [SERVICE] Service uptime: 2h 0m
[2025-07-27 15:51:00] [SERVICE] Performing hourly forced configuration update
[2025-07-27 15:51:00] [SERVICE] Updating configuration...
[2025-07-27 15:51:00] [SERVICE] Performing hourly forced configuration update
[2025-07-27 15:51:00] [SERVICE] Updating configuration...
[2025-07-27 15:51:00] [SERVICE] Performing hourly forced configuration update
[2025-07-27 15:51:00] [SERVICE] Updating configuration...
[2025-07-27 15:51:00] [SERVICE] Configuration updated successfully
[2025-07-27 15:51:00] [SERVICE] Service uptime: 2h 0m
[2025-07-27 15:51:00] [SERVICE] Configuration updated successfully
[2025-07-27 15:51:00] [SERVICE] Service uptime: 2h 0m
[2025-07-27 15:51:00] [SERVICE] Configuration updated successfully
[2025-07-27 15:51:00] [SERVICE] Service uptime: 2h 0m
[2025-07-27 16:42:19] [SERVICE] Performing hourly forced configuration update
[2025-07-27 16:42:19] [SERVICE] Updating configuration...
[2025-07-27 16:42:19] [SERVICE] Configuration updated successfully
[2025-07-27 16:42:19] [SERVICE] Service uptime: 3h 0m
[2025-07-27 16:51:01] [SERVICE] Performing hourly forced configuration update
[2025-07-27 16:51:01] [SERVICE] Performing hourly forced configuration update
[2025-07-27 16:51:01] [SERVICE] Updating configuration...
[2025-07-27 16:51:01] [SERVICE] Updating configuration...
[2025-07-27 16:51:01] [SERVICE] Performing hourly forced configuration update
[2025-07-27 16:51:01] [SERVICE] Updating configuration...
[2025-07-27 16:51:01] [SERVICE] Configuration updated successfully
[2025-07-27 16:51:01] [SERVICE] Configuration updated successfully
[2025-07-27 16:51:01] [SERVICE] Service uptime: 3h 0m
[2025-07-27 16:51:01] [SERVICE] Service uptime: 3h 0m
[2025-07-27 16:51:01] [SERVICE] Configuration updated successfully
[2025-07-27 16:51:01] [SERVICE] Service uptime: 3h 0m
[2025-07-28 11:37:13] [SERVICE] Configuration is 67571 seconds old, needs update
[2025-07-28 11:37:13] [SERVICE] Periodic configuration update needed
[2025-07-28 11:37:13] [SERVICE] Updating configuration...
[2025-07-28 11:37:13] [SERVICE] Configuration updated successfully
[2025-07-28 11:48:31] [SERVICE] Performing hourly forced configuration update
[2025-07-28 11:48:31] [SERVICE] Updating configuration...
[2025-07-28 11:48:31] [SERVICE] Configuration updated successfully
[2025-07-28 11:48:31] [SERVICE] Service uptime: 4h 0m
[2025-07-28 11:57:13] [SERVICE] Performing hourly forced configuration update
[2025-07-28 11:57:13] [SERVICE] Updating configuration...
[2025-07-28 11:57:13] [SERVICE] Performing hourly forced configuration update
[2025-07-28 11:57:13] [SERVICE] Updating configuration...
[2025-07-28 11:57:13] [SERVICE] Configuration updated successfully
[2025-07-28 11:57:13] [SERVICE] Service uptime: 4h 0m
[2025-07-28 11:57:13] [SERVICE] Configuration updated successfully
[2025-07-28 11:57:13] [SERVICE] Service uptime: 4h 0m
[2025-07-28 11:57:14] [SERVICE] Performing hourly forced configuration update
[2025-07-28 11:57:14] [SERVICE] Updating configuration...
[2025-07-28 11:57:14] [SERVICE] Configuration updated successfully
[2025-07-28 11:57:14] [SERVICE] Service uptime: 4h 0m
[2025-07-28 12:48:32] [SERVICE] Performing hourly forced configuration update
[2025-07-28 12:48:32] [SERVICE] Updating configuration...
[2025-07-28 12:48:32] [SERVICE] Configuration updated successfully
[2025-07-28 12:48:32] [SERVICE] Service uptime: 5h 0m
[2025-07-28 12:57:14] [SERVICE] Performing hourly forced configuration update
[2025-07-28 12:57:14] [SERVICE] Updating configuration...
[2025-07-28 12:57:14] [SERVICE] Performing hourly forced configuration update
[2025-07-28 12:57:14] [SERVICE] Updating configuration...
[2025-07-28 12:57:14] [SERVICE] Configuration updated successfully
[2025-07-28 12:57:14] [SERVICE] Configuration updated successfully
[2025-07-28 12:57:14] [SERVICE] Service uptime: 5h 0m
[2025-07-28 12:57:14] [SERVICE] Service uptime: 5h 0m
[2025-07-28 12:57:15] [SERVICE] Performing hourly forced configuration update
[2025-07-28 12:57:15] [SERVICE] Updating configuration...
[2025-07-28 12:57:15] [SERVICE] Configuration updated successfully
[2025-07-28 12:57:15] [SERVICE] Service uptime: 5h 0m
[2025-07-28 13:48:33] [SERVICE] Performing hourly forced configuration update
[2025-07-28 13:48:33] [SERVICE] Updating configuration...
[2025-07-28 13:48:33] [SERVICE] Configuration updated successfully
[2025-07-28 13:48:33] [SERVICE] Service uptime: 6h 0m
[2025-07-28 13:57:15] [SERVICE] Performing hourly forced configuration update
[2025-07-28 13:57:15] [SERVICE] Updating configuration...
[2025-07-28 13:57:15] [SERVICE] Performing hourly forced configuration update
[2025-07-28 13:57:15] [SERVICE] Updating configuration...
[2025-07-28 13:57:15] [SERVICE] Configuration updated successfully
[2025-07-28 13:57:15] [SERVICE] Configuration updated successfully
[2025-07-28 13:57:15] [SERVICE] Service uptime: 6h 0m
[2025-07-28 13:57:15] [SERVICE] Service uptime: 6h 0m
[2025-07-28 13:57:16] [SERVICE] Performing hourly forced configuration update
[2025-07-28 13:57:16] [SERVICE] Updating configuration...
[2025-07-28 13:57:16] [SERVICE] Configuration updated successfully
[2025-07-28 13:57:16] [SERVICE] Service uptime: 6h 0m
[2025-07-28 14:48:34] [SERVICE] Performing hourly forced configuration update
[2025-07-28 14:48:34] [SERVICE] Updating configuration...
[2025-07-28 14:48:34] [SERVICE] Configuration updated successfully
[2025-07-28 14:48:34] [SERVICE] Service uptime: 7h 0m
[2025-07-28 14:57:16] [SERVICE] Performing hourly forced configuration update
[2025-07-28 14:57:16] [SERVICE] Performing hourly forced configuration update
[2025-07-28 14:57:16] [SERVICE] Updating configuration...
[2025-07-28 14:57:16] [SERVICE] Updating configuration...
[2025-07-28 14:57:16] [SERVICE] Configuration updated successfully
[2025-07-28 14:57:16] [SERVICE] Configuration updated successfully
[2025-07-28 14:57:16] [SERVICE] Service uptime: 7h 0m
[2025-07-28 14:57:16] [SERVICE] Service uptime: 7h 0m
[2025-07-28 14:57:17] [SERVICE] Performing hourly forced configuration update
[2025-07-28 14:57:17] [SERVICE] Updating configuration...
[2025-07-28 14:57:17] [SERVICE] Configuration updated successfully
[2025-07-28 14:57:17] [SERVICE] Service uptime: 7h 0m
[2025-07-28 15:48:35] [SERVICE] Performing hourly forced configuration update
[2025-07-28 15:48:35] [SERVICE] Updating configuration...
[2025-07-28 15:48:35] [SERVICE] Configuration updated successfully
[2025-07-28 15:48:35] [SERVICE] Service uptime: 8h 0m
[2025-07-28 15:57:18] [SERVICE] Performing hourly forced configuration update
[2025-07-28 15:57:18] [SERVICE] Updating configuration...
[2025-07-28 15:57:18] [SERVICE] Performing hourly forced configuration update
[2025-07-28 15:57:18] [SERVICE] Updating configuration...
[2025-07-28 15:57:19] [SERVICE] Configuration updated successfully
[2025-07-28 15:57:19] [SERVICE] Configuration updated successfully
[2025-07-28 15:57:19] [SERVICE] Service uptime: 8h 0m
[2025-07-28 15:57:19] [SERVICE] Service uptime: 8h 0m
[2025-07-28 15:57:19] [SERVICE] Performing hourly forced configuration update
[2025-07-28 15:57:19] [SERVICE] Updating configuration...
[2025-07-28 15:57:19] [SERVICE] Configuration updated successfully
[2025-07-28 15:57:19] [SERVICE] Service uptime: 8h 0m
[2025-07-28 16:48:47] [SERVICE] Performing hourly forced configuration update
[2025-07-28 16:48:48] [SERVICE] Updating configuration...
[2025-07-28 16:48:48] [SERVICE] Configuration updated successfully
[2025-07-28 16:48:48] [SERVICE] Service uptime: 9h 0m
[2025-07-28 16:57:32] [SERVICE] Performing hourly forced configuration update
[2025-07-28 16:57:32] [SERVICE] Performing hourly forced configuration update
[2025-07-28 16:57:32] [SERVICE] Updating configuration...
[2025-07-28 16:57:32] [SERVICE] Updating configuration...
[2025-07-28 16:57:32] [SERVICE] Configuration updated successfully
[2025-07-28 16:57:32] [SERVICE] Configuration updated successfully
[2025-07-28 16:57:32] [SERVICE] Service uptime: 9h 0m
[2025-07-28 16:57:32] [SERVICE] Service uptime: 9h 0m
[2025-07-28 16:57:32] [SERVICE] Performing hourly forced configuration update
[2025-07-28 16:57:32] [SERVICE] Updating configuration...
[2025-07-28 16:57:33] [SERVICE] Configuration updated successfully
[2025-07-28 16:57:33] [SERVICE] Service uptime: 9h 0m
[2025-07-28 17:49:28] [SERVICE] Performing hourly forced configuration update
[2025-07-28 17:49:28] [SERVICE] Updating configuration...
[2025-07-28 17:49:28] [SERVICE] Configuration updated successfully
[2025-07-28 17:49:28] [SERVICE] Service uptime: 10h 0m
[2025-07-28 17:58:21] [SERVICE] Performing hourly forced configuration update
[2025-07-28 17:58:21] [SERVICE] Performing hourly forced configuration update
[2025-07-28 17:58:21] [SERVICE] Updating configuration...
[2025-07-28 17:58:21] [SERVICE] Updating configuration...
[2025-07-28 17:58:21] [SERVICE] Configuration updated successfully
[2025-07-28 17:58:21] [SERVICE] Configuration updated successfully
[2025-07-28 17:58:21] [SERVICE] Service uptime: 10h 0m
[2025-07-28 17:58:21] [SERVICE] Service uptime: 10h 0m
[2025-07-28 17:58:22] [SERVICE] Performing hourly forced configuration update
[2025-07-28 17:58:22] [SERVICE] Updating configuration...
[2025-07-28 17:58:22] [SERVICE] Configuration updated successfully
[2025-07-28 17:58:22] [SERVICE] Service uptime: 10h 0m
[2025-07-28 18:50:39] [SERVICE] Performing hourly forced configuration update
[2025-07-28 18:50:39] [SERVICE] Updating configuration...
[2025-07-28 18:50:39] [SERVICE] Configuration updated successfully
[2025-07-28 18:50:39] [SERVICE] Service uptime: 11h 0m
[2025-07-28 18:59:32] [SERVICE] Performing hourly forced configuration update
[2025-07-28 18:59:32] [SERVICE] Updating configuration...
[2025-07-28 18:59:32] [SERVICE] Performing hourly forced configuration update
[2025-07-28 18:59:32] [SERVICE] Updating configuration...
[2025-07-28 18:59:32] [SERVICE] Configuration updated successfully
[2025-07-28 18:59:32] [SERVICE] Configuration updated successfully
[2025-07-28 18:59:32] [SERVICE] Service uptime: 11h 0m
[2025-07-28 18:59:32] [SERVICE] Service uptime: 11h 0m
[2025-07-28 18:59:33] [SERVICE] Performing hourly forced configuration update
[2025-07-28 18:59:33] [SERVICE] Updating configuration...
[2025-07-28 18:59:33] [SERVICE] Configuration updated successfully
[2025-07-28 18:59:33] [SERVICE] Service uptime: 11h 0m
[2025-07-28 19:52:11] [SERVICE] Performing hourly forced configuration update
[2025-07-28 19:52:11] [SERVICE] Updating configuration...
[2025-07-28 19:52:12] [SERVICE] Configuration updated successfully
[2025-07-28 19:52:12] [SERVICE] Service uptime: 12h 0m
[2025-07-28 20:01:07] [SERVICE] Performing hourly forced configuration update
[2025-07-28 20:01:07] [SERVICE] Updating configuration...
[2025-07-28 20:01:07] [SERVICE] Configuration updated successfully
[2025-07-28 20:01:07] [SERVICE] Performing hourly forced configuration update
[2025-07-28 20:01:07] [SERVICE] Updating configuration...
[2025-07-28 20:01:07] [SERVICE] Service uptime: 12h 0m
[2025-07-28 20:01:07] [SERVICE] Configuration updated successfully
[2025-07-28 20:01:07] [SERVICE] Service uptime: 12h 0m
[2025-07-28 20:01:08] [SERVICE] Performing hourly forced configuration update
[2025-07-28 20:01:08] [SERVICE] Updating configuration...
[2025-07-28 20:01:08] [SERVICE] Configuration updated successfully
[2025-07-28 20:01:08] [SERVICE] Service uptime: 12h 0m
[2025-07-28 20:53:26] [SERVICE] Performing hourly forced configuration update
[2025-07-28 20:53:26] [SERVICE] Updating configuration...
[2025-07-28 20:53:26] [SERVICE] Configuration updated successfully
[2025-07-28 20:53:26] [SERVICE] Service uptime: 13h 0m
[2025-07-28 21:02:18] [SERVICE] Performing hourly forced configuration update
[2025-07-28 21:02:18] [SERVICE] Performing hourly forced configuration update
[2025-07-28 21:02:18] [SERVICE] Updating configuration...
[2025-07-28 21:02:18] [SERVICE] Updating configuration...
[2025-07-28 21:02:18] [SERVICE] Configuration updated successfully
[2025-07-28 21:02:18] [SERVICE] Configuration updated successfully
[2025-07-28 21:02:18] [SERVICE] Service uptime: 13h 0m
[2025-07-28 21:02:18] [SERVICE] Service uptime: 13h 0m
[2025-07-28 21:02:19] [SERVICE] Performing hourly forced configuration update
[2025-07-28 21:02:19] [SERVICE] Updating configuration...
[2025-07-28 21:02:19] [SERVICE] Configuration updated successfully
[2025-07-28 21:02:19] [SERVICE] Service uptime: 13h 0m
[2025-07-29 05:07:30] [SERVICE] Configuration is 29111 seconds old, needs update
[2025-07-29 05:07:30] [SERVICE] Periodic configuration update needed
[2025-07-29 05:07:30] [SERVICE] Updating configuration...
[2025-07-29 05:07:30] [SERVICE] Configuration is 29111 seconds old, needs update
[2025-07-29 05:07:30] [SERVICE] Periodic configuration update needed
[2025-07-29 05:07:30] [SERVICE] Updating configuration...
[2025-07-29 05:07:30] [SERVICE] Configuration updated successfully
[2025-07-29 05:07:30] [SERVICE] Configuration updated successfully
[2025-07-29 05:09:03] [SERVICE] Performing hourly forced configuration update
[2025-07-29 05:09:03] [SERVICE] Updating configuration...
[2025-07-29 05:09:04] [SERVICE] Configuration updated successfully
[2025-07-29 05:09:04] [SERVICE] Service uptime: 14h 0m
[2025-07-29 05:18:30] [SERVICE] Performing hourly forced configuration update
[2025-07-29 05:18:30] [SERVICE] Performing hourly forced configuration update
[2025-07-29 05:18:30] [SERVICE] Updating configuration...
[2025-07-29 05:18:30] [SERVICE] Updating configuration...
[2025-07-29 05:18:30] [SERVICE] Configuration updated successfully
[2025-07-29 05:18:30] [SERVICE] Configuration updated successfully
[2025-07-29 05:18:30] [SERVICE] Service uptime: 14h 0m
[2025-07-29 05:18:30] [SERVICE] Service uptime: 14h 0m
[2025-07-29 05:18:31] [SERVICE] Performing hourly forced configuration update
[2025-07-29 05:18:31] [SERVICE] Updating configuration...
[2025-07-29 05:18:31] [SERVICE] Configuration updated successfully
[2025-07-29 05:18:31] [SERVICE] Service uptime: 14h 0m
[2025-07-29 06:14:29] [SERVICE] Performing hourly forced configuration update
[2025-07-29 06:14:29] [SERVICE] Updating configuration...
[2025-07-29 06:14:29] [SERVICE] Configuration updated successfully
[2025-07-29 06:14:29] [SERVICE] Service uptime: 15h 0m
[2025-07-29 06:23:57] [SERVICE] Performing hourly forced configuration update
[2025-07-29 06:23:57] [SERVICE] Updating configuration...
[2025-07-29 06:23:57] [SERVICE] Performing hourly forced configuration update
[2025-07-29 06:23:57] [SERVICE] Updating configuration...
[2025-07-29 06:23:57] [SERVICE] Configuration updated successfully
[2025-07-29 06:23:57] [SERVICE] Configuration updated successfully
[2025-07-29 06:23:57] [SERVICE] Service uptime: 15h 0m
[2025-07-29 06:23:57] [SERVICE] Service uptime: 15h 0m
[2025-07-29 06:23:58] [SERVICE] Performing hourly forced configuration update
[2025-07-29 06:23:58] [SERVICE] Updating configuration...
[2025-07-29 06:23:58] [SERVICE] Configuration updated successfully
[2025-07-29 06:23:58] [SERVICE] Service uptime: 15h 0m
[2025-07-29 07:19:57] [SERVICE] Performing hourly forced configuration update
[2025-07-29 07:19:57] [SERVICE] Updating configuration...
[2025-07-29 07:19:57] [SERVICE] Configuration updated successfully
[2025-07-29 07:19:57] [SERVICE] Service uptime: 16h 0m
[2025-07-29 07:29:25] [SERVICE] Performing hourly forced configuration update
[2025-07-29 07:29:25] [SERVICE] Updating configuration...
[2025-07-29 07:29:25] [SERVICE] Performing hourly forced configuration update
[2025-07-29 07:29:25] [SERVICE] Updating configuration...
[2025-07-29 07:29:25] [SERVICE] Configuration updated successfully
[2025-07-29 07:29:25] [SERVICE] Configuration updated successfully
[2025-07-29 07:29:25] [SERVICE] Service uptime: 16h 0m
[2025-07-29 07:29:25] [SERVICE] Service uptime: 16h 0m
[2025-07-29 07:29:25] [SERVICE] Performing hourly forced configuration update
[2025-07-29 07:29:25] [SERVICE] Updating configuration...
[2025-07-29 07:29:25] [SERVICE] Configuration updated successfully
[2025-07-29 07:29:25] [SERVICE] Service uptime: 16h 0m
[2025-07-29 08:25:23] [SERVICE] Performing hourly forced configuration update
[2025-07-29 08:25:23] [SERVICE] Updating configuration...
[2025-07-29 08:25:23] [SERVICE] Configuration updated successfully
[2025-07-29 08:25:23] [SERVICE] Service uptime: 17h 0m
[2025-07-29 08:34:53] [SERVICE] Performing hourly forced configuration update
[2025-07-29 08:34:53] [SERVICE] Performing hourly forced configuration update
[2025-07-29 08:34:53] [SERVICE] Updating configuration...
[2025-07-29 08:34:53] [SERVICE] Updating configuration...
[2025-07-29 08:34:53] [SERVICE] Configuration updated successfully
[2025-07-29 08:34:53] [SERVICE] Configuration updated successfully
[2025-07-29 08:34:53] [SERVICE] Service uptime: 17h 0m
[2025-07-29 08:34:53] [SERVICE] Service uptime: 17h 0m
[2025-07-29 08:34:53] [SERVICE] Performing hourly forced configuration update
[2025-07-29 08:34:53] [SERVICE] Updating configuration...
[2025-07-29 08:34:53] [SERVICE] Configuration updated successfully
[2025-07-29 08:34:53] [SERVICE] Service uptime: 17h 0m
[2025-07-29 09:37:52] [SERVICE] Configuration is 3779 seconds old, needs update
[2025-07-29 09:37:52] [SERVICE] Periodic configuration update needed
[2025-07-29 09:37:52] [SERVICE] Configuration is 3779 seconds old, needs update
[2025-07-29 09:37:52] [SERVICE] Updating configuration...
[2025-07-29 09:37:52] [SERVICE] Periodic configuration update needed
[2025-07-29 09:37:52] [SERVICE] Updating configuration...
[2025-07-29 09:37:52] [SERVICE] Configuration updated successfully
[2025-07-29 09:37:52] [SERVICE] Configuration updated successfully
[2025-07-29 09:55:40] [SERVICE] Performing hourly forced configuration update
[2025-07-29 09:55:40] [SERVICE] Updating configuration...
[2025-07-29 09:55:40] [SERVICE] Configuration updated successfully
[2025-07-29 09:55:40] [SERVICE] Service uptime: 18h 0m
[2025-07-29 10:05:08] [SERVICE] Performing hourly forced configuration update
[2025-07-29 10:05:08] [SERVICE] Performing hourly forced configuration update
[2025-07-29 10:05:08] [SERVICE] Updating configuration...
[2025-07-29 10:05:08] [SERVICE] Updating configuration...
[2025-07-29 10:05:08] [SERVICE] Configuration updated successfully
[2025-07-29 10:05:08] [SERVICE] Configuration updated successfully
[2025-07-29 10:05:08] [SERVICE] Service uptime: 18h 0m
[2025-07-29 10:05:08] [SERVICE] Service uptime: 18h 0m
[2025-07-29 10:05:08] [SERVICE] Performing hourly forced configuration update
[2025-07-29 10:05:08] [SERVICE] Updating configuration...
[2025-07-29 10:05:09] [SERVICE] Configuration updated successfully
[2025-07-29 10:05:09] [SERVICE] Service uptime: 18h 0m
[2025-07-29 11:01:04] [SERVICE] Performing hourly forced configuration update
[2025-07-29 11:01:04] [SERVICE] Updating configuration...
[2025-07-29 11:01:04] [SERVICE] Configuration updated successfully
[2025-07-29 11:01:04] [SERVICE] Service uptime: 19h 0m
[2025-07-29 11:10:36] [SERVICE] Performing hourly forced configuration update
[2025-07-29 11:10:36] [SERVICE] Performing hourly forced configuration update
[2025-07-29 11:10:36] [SERVICE] Updating configuration...
[2025-07-29 11:10:36] [SERVICE] Updating configuration...
[2025-07-29 11:10:36] [SERVICE] Configuration updated successfully
[2025-07-29 11:10:36] [SERVICE] Configuration updated successfully
[2025-07-29 11:10:36] [SERVICE] Service uptime: 19h 0m
[2025-07-29 11:10:36] [SERVICE] Service uptime: 19h 0m
[2025-07-29 11:10:37] [SERVICE] Performing hourly forced configuration update
[2025-07-29 11:10:37] [SERVICE] Updating configuration...
[2025-07-29 11:10:37] [SERVICE] Configuration updated successfully
[2025-07-29 11:10:37] [SERVICE] Service uptime: 19h 0m
[2025-07-29 12:06:38] [SERVICE] Performing hourly forced configuration update
[2025-07-29 12:06:38] [SERVICE] Updating configuration...
[2025-07-29 12:06:38] [SERVICE] Configuration updated successfully
[2025-07-29 12:06:38] [SERVICE] Service uptime: 20h 0m
[2025-07-29 12:16:04] [SERVICE] Performing hourly forced configuration update
[2025-07-29 12:16:04] [SERVICE] Performing hourly forced configuration update
[2025-07-29 12:16:04] [SERVICE] Updating configuration...
[2025-07-29 12:16:04] [SERVICE] Updating configuration...
[2025-07-29 12:16:04] [SERVICE] Configuration updated successfully
[2025-07-29 12:16:04] [SERVICE] Configuration updated successfully
[2025-07-29 12:16:04] [SERVICE] Service uptime: 20h 0m
[2025-07-29 12:16:04] [SERVICE] Service uptime: 20h 0m
[2025-07-29 12:16:04] [SERVICE] Performing hourly forced configuration update
[2025-07-29 12:16:04] [SERVICE] Updating configuration...
[2025-07-29 12:16:04] [SERVICE] Configuration updated successfully
[2025-07-29 12:16:04] [SERVICE] Service uptime: 20h 0m
[2025-07-29 13:12:04] [SERVICE] Performing hourly forced configuration update
[2025-07-29 13:12:04] [SERVICE] Updating configuration...
[2025-07-29 13:12:04] [SERVICE] Configuration updated successfully
[2025-07-29 13:12:04] [SERVICE] Service uptime: 21h 0m
[2025-07-29 13:21:32] [SERVICE] Performing hourly forced configuration update
[2025-07-29 13:21:32] [SERVICE] Updating configuration...
[2025-07-29 13:21:32] [SERVICE] Configuration updated successfully
[2025-07-29 13:21:32] [SERVICE] Service uptime: 21h 0m
[2025-07-29 13:21:32] [SERVICE] Performing hourly forced configuration update
[2025-07-29 13:21:32] [SERVICE] Updating configuration...
[2025-07-29 13:21:32] [SERVICE] Configuration updated successfully
[2025-07-29 13:21:32] [SERVICE] Service uptime: 21h 0m
[2025-07-29 13:21:33] [SERVICE] Performing hourly forced configuration update
[2025-07-29 13:21:33] [SERVICE] Updating configuration...
[2025-07-29 13:21:33] [SERVICE] Configuration updated successfully
[2025-07-29 13:21:33] [SERVICE] Service uptime: 21h 0m
[2025-07-29 14:17:33] [SERVICE] Performing hourly forced configuration update
[2025-07-29 14:17:33] [SERVICE] Updating configuration...
[2025-07-29 14:17:33] [SERVICE] Configuration updated successfully
[2025-07-29 14:17:33] [SERVICE] Service uptime: 22h 0m
[2025-08-07 10:14:12] [SERVICE] Configuration is 762999 seconds old, needs update
[2025-08-07 10:14:12] [SERVICE] Periodic configuration update needed
[2025-08-07 10:14:12] [SERVICE] Updating configuration...
[2025-08-07 10:14:12] [SERVICE] Configuration updated successfully
[2025-08-07 10:14:12] [SERVICE] Performing hourly forced configuration update
[2025-08-07 10:14:12] [SERVICE] Updating configuration...
[2025-08-07 10:14:12] [SERVICE] Configuration updated successfully
[2025-08-07 10:14:12] [SERVICE] Performing hourly forced configuration update
[2025-08-07 10:14:12] [SERVICE] Updating configuration...
[2025-08-07 10:14:12] [SERVICE] Service uptime: 22h 0m
[2025-08-07 10:14:12] [SERVICE] Configuration updated successfully
[2025-08-07 10:14:12] [SERVICE] Service uptime: 22h 0m
[2025-08-07 10:14:13] [SERVICE] Performing hourly forced configuration update
[2025-08-07 10:14:13] [SERVICE] Updating configuration...
[2025-08-07 10:14:13] [SERVICE] Configuration updated successfully
[2025-08-07 10:14:13] [SERVICE] Service uptime: 22h 0m
