[2025-07-27 14:42:17] [UTIL] Starting apps.json generation...
[2025-07-27 14:42:17] [UTIL] Generating app status JSON at ./apps.json
[2025-07-27 14:42:17] [UTIL] Fetching package list with paths...
[2025-07-27 14:42:17] [UTIL] Warning: No packages found or pm command failed
[2025-07-27 14:42:17] [UTIL] Apps.json generation completed successfully.
[2025-07-27 14:50:59] [UTIL] Starting apps.json generation...
[2025-07-27 14:50:59] [UTIL] Starting apps.json generation...
[2025-07-27 14:50:59] [UTIL] Generating app status JSON at ./apps.json
[2025-07-27 14:50:59] [UTIL] Generating app status JSON at ./apps.json
[2025-07-27 14:50:59] [UTIL] Fetching package list with paths...
[2025-07-27 14:50:59] [UTIL] Fetching package list with paths...
[2025-07-27 14:50:59] [UTIL] Warning: No packages found or pm command failed
[2025-07-27 14:50:59] [UTIL] Warning: No packages found or pm command failed
[2025-07-27 14:50:59] [UTIL] Apps.json generation completed successfully.
[2025-07-27 14:50:59] [UTIL] Apps.json generation completed successfully.
[2025-07-27 14:50:59] [UTIL] Starting apps.json generation...
[2025-07-27 14:50:59] [UTIL] Generating app status JSON at ./apps.json
[2025-07-27 14:50:59] [UTIL] Fetching package list with paths...
[2025-07-27 14:50:59] [UTIL] Warning: No packages found or pm command failed
[2025-07-27 14:50:59] [UTIL] Apps.json generation completed successfully.
[2025-07-27 15:42:18] [UTIL] Starting apps.json generation...
[2025-07-27 15:42:18] [UTIL] Generating app status JSON at ./apps.json
[2025-07-27 15:42:18] [UTIL] Fetching package list with paths...
[2025-07-27 15:42:18] [UTIL] Warning: No packages found or pm command failed
[2025-07-27 15:42:18] [UTIL] Apps.json generation completed successfully.
[2025-07-27 15:51:00] [UTIL] Starting apps.json generation...
[2025-07-27 15:51:00] [UTIL] Generating app status JSON at ./apps.json
[2025-07-27 15:51:00] [UTIL] Fetching package list with paths...
[2025-07-27 15:51:00] [UTIL] Warning: No packages found or pm command failed
[2025-07-27 15:51:00] [UTIL] Starting apps.json generation...
[2025-07-27 15:51:00] [UTIL] Generating app status JSON at ./apps.json
[2025-07-27 15:51:00] [UTIL] Fetching package list with paths...
[2025-07-27 15:51:00] [UTIL] Apps.json generation completed successfully.
[2025-07-27 15:51:00] [UTIL] Warning: No packages found or pm command failed
[2025-07-27 15:51:00] [UTIL] Apps.json generation completed successfully.
[2025-07-27 15:51:00] [UTIL] Starting apps.json generation...
[2025-07-27 15:51:00] [UTIL] Generating app status JSON at ./apps.json
[2025-07-27 15:51:00] [UTIL] Fetching package list with paths...
[2025-07-27 15:51:00] [UTIL] Warning: No packages found or pm command failed
[2025-07-27 15:51:00] [UTIL] Apps.json generation completed successfully.
[2025-07-27 16:42:19] [UTIL] Starting apps.json generation...
[2025-07-27 16:42:19] [UTIL] Generating app status JSON at ./apps.json
[2025-07-27 16:42:19] [UTIL] Fetching package list with paths...
[2025-07-27 16:42:19] [UTIL] Warning: No packages found or pm command failed
[2025-07-27 16:42:19] [UTIL] Apps.json generation completed successfully.
[2025-07-27 16:51:01] [UTIL] Starting apps.json generation...
[2025-07-27 16:51:01] [UTIL] Starting apps.json generation...
[2025-07-27 16:51:01] [UTIL] Generating app status JSON at ./apps.json
[2025-07-27 16:51:01] [UTIL] Generating app status JSON at ./apps.json
[2025-07-27 16:51:01] [UTIL] Fetching package list with paths...
[2025-07-27 16:51:01] [UTIL] Fetching package list with paths...
[2025-07-27 16:51:01] [UTIL] Warning: No packages found or pm command failed
[2025-07-27 16:51:01] [UTIL] Warning: No packages found or pm command failed
[2025-07-27 16:51:01] [UTIL] Starting apps.json generation...
[2025-07-27 16:51:01] [UTIL] Apps.json generation completed successfully.
[2025-07-27 16:51:01] [UTIL] Apps.json generation completed successfully.
[2025-07-27 16:51:01] [UTIL] Generating app status JSON at ./apps.json
[2025-07-27 16:51:01] [UTIL] Fetching package list with paths...
[2025-07-27 16:51:01] [UTIL] Warning: No packages found or pm command failed
[2025-07-27 16:51:01] [UTIL] Apps.json generation completed successfully.
[2025-07-28 11:37:13] [UTIL] Starting apps.json generation...
[2025-07-28 11:37:13] [UTIL] Generating app status JSON at ./apps.json
[2025-07-28 11:37:13] [UTIL] Fetching package list with paths...
[2025-07-28 11:37:13] [UTIL] Warning: No packages found or pm command failed
[2025-07-28 11:37:13] [UTIL] Apps.json generation completed successfully.
[2025-07-28 11:48:31] [UTIL] Starting apps.json generation...
[2025-07-28 11:48:31] [UTIL] Generating app status JSON at ./apps.json
[2025-07-28 11:48:31] [UTIL] Fetching package list with paths...
[2025-07-28 11:48:31] [UTIL] Warning: No packages found or pm command failed
[2025-07-28 11:48:31] [UTIL] Apps.json generation completed successfully.
[2025-07-28 11:57:13] [UTIL] Starting apps.json generation...
[2025-07-28 11:57:13] [UTIL] Generating app status JSON at ./apps.json
[2025-07-28 11:57:13] [UTIL] Fetching package list with paths...
[2025-07-28 11:57:13] [UTIL] Warning: No packages found or pm command failed
[2025-07-28 11:57:13] [UTIL] Apps.json generation completed successfully.
[2025-07-28 11:57:13] [UTIL] Starting apps.json generation...
[2025-07-28 11:57:13] [UTIL] Generating app status JSON at ./apps.json
[2025-07-28 11:57:13] [UTIL] Fetching package list with paths...
[2025-07-28 11:57:13] [UTIL] Warning: No packages found or pm command failed
[2025-07-28 11:57:13] [UTIL] Apps.json generation completed successfully.
[2025-07-28 11:57:14] [UTIL] Starting apps.json generation...
[2025-07-28 11:57:14] [UTIL] Generating app status JSON at ./apps.json
[2025-07-28 11:57:14] [UTIL] Fetching package list with paths...
[2025-07-28 11:57:14] [UTIL] Warning: No packages found or pm command failed
[2025-07-28 11:57:14] [UTIL] Apps.json generation completed successfully.
[2025-07-28 12:48:32] [UTIL] Starting apps.json generation...
[2025-07-28 12:48:32] [UTIL] Generating app status JSON at ./apps.json
[2025-07-28 12:48:32] [UTIL] Fetching package list with paths...
[2025-07-28 12:48:32] [UTIL] Warning: No packages found or pm command failed
[2025-07-28 12:48:32] [UTIL] Apps.json generation completed successfully.
[2025-07-28 12:57:14] [UTIL] Starting apps.json generation...
[2025-07-28 12:57:14] [UTIL] Generating app status JSON at ./apps.json
[2025-07-28 12:57:14] [UTIL] Starting apps.json generation...
[2025-07-28 12:57:14] [UTIL] Fetching package list with paths...
[2025-07-28 12:57:14] [UTIL] Generating app status JSON at ./apps.json
[2025-07-28 12:57:14] [UTIL] Warning: No packages found or pm command failed
[2025-07-28 12:57:14] [UTIL] Fetching package list with paths...
[2025-07-28 12:57:14] [UTIL] Warning: No packages found or pm command failed
[2025-07-28 12:57:14] [UTIL] Apps.json generation completed successfully.
[2025-07-28 12:57:14] [UTIL] Apps.json generation completed successfully.
[2025-07-28 12:57:15] [UTIL] Starting apps.json generation...
[2025-07-28 12:57:15] [UTIL] Generating app status JSON at ./apps.json
[2025-07-28 12:57:15] [UTIL] Fetching package list with paths...
[2025-07-28 12:57:15] [UTIL] Warning: No packages found or pm command failed
[2025-07-28 12:57:15] [UTIL] Apps.json generation completed successfully.
[2025-07-28 13:48:33] [UTIL] Starting apps.json generation...
[2025-07-28 13:48:33] [UTIL] Generating app status JSON at ./apps.json
[2025-07-28 13:48:33] [UTIL] Fetching package list with paths...
[2025-07-28 13:48:33] [UTIL] Warning: No packages found or pm command failed
[2025-07-28 13:48:33] [UTIL] Apps.json generation completed successfully.
[2025-07-28 13:57:15] [UTIL] Starting apps.json generation...
[2025-07-28 13:57:15] [UTIL] Generating app status JSON at ./apps.json
[2025-07-28 13:57:15] [UTIL] Fetching package list with paths...
[2025-07-28 13:57:15] [UTIL] Starting apps.json generation...
[2025-07-28 13:57:15] [UTIL] Generating app status JSON at ./apps.json
[2025-07-28 13:57:15] [UTIL] Warning: No packages found or pm command failed
[2025-07-28 13:57:15] [UTIL] Fetching package list with paths...
[2025-07-28 13:57:15] [UTIL] Apps.json generation completed successfully.
[2025-07-28 13:57:15] [UTIL] Warning: No packages found or pm command failed
[2025-07-28 13:57:15] [UTIL] Apps.json generation completed successfully.
[2025-07-28 13:57:16] [UTIL] Starting apps.json generation...
[2025-07-28 13:57:16] [UTIL] Generating app status JSON at ./apps.json
[2025-07-28 13:57:16] [UTIL] Fetching package list with paths...
[2025-07-28 13:57:16] [UTIL] Warning: No packages found or pm command failed
[2025-07-28 13:57:16] [UTIL] Apps.json generation completed successfully.
[2025-07-28 14:48:34] [UTIL] Starting apps.json generation...
[2025-07-28 14:48:34] [UTIL] Generating app status JSON at ./apps.json
[2025-07-28 14:48:34] [UTIL] Fetching package list with paths...
[2025-07-28 14:48:34] [UTIL] Warning: No packages found or pm command failed
[2025-07-28 14:48:34] [UTIL] Apps.json generation completed successfully.
[2025-07-28 14:57:16] [UTIL] Starting apps.json generation...
[2025-07-28 14:57:16] [UTIL] Generating app status JSON at ./apps.json
[2025-07-28 14:57:16] [UTIL] Starting apps.json generation...
[2025-07-28 14:57:16] [UTIL] Fetching package list with paths...
[2025-07-28 14:57:16] [UTIL] Generating app status JSON at ./apps.json
[2025-07-28 14:57:16] [UTIL] Warning: No packages found or pm command failed
[2025-07-28 14:57:16] [UTIL] Fetching package list with paths...
[2025-07-28 14:57:16] [UTIL] Warning: No packages found or pm command failed
[2025-07-28 14:57:16] [UTIL] Apps.json generation completed successfully.
[2025-07-28 14:57:16] [UTIL] Apps.json generation completed successfully.
[2025-07-28 14:57:17] [UTIL] Starting apps.json generation...
[2025-07-28 14:57:17] [UTIL] Generating app status JSON at ./apps.json
[2025-07-28 14:57:17] [UTIL] Fetching package list with paths...
[2025-07-28 14:57:17] [UTIL] Warning: No packages found or pm command failed
[2025-07-28 14:57:17] [UTIL] Apps.json generation completed successfully.
[2025-07-28 15:48:35] [UTIL] Starting apps.json generation...
[2025-07-28 15:48:35] [UTIL] Generating app status JSON at ./apps.json
[2025-07-28 15:48:35] [UTIL] Fetching package list with paths...
[2025-07-28 15:48:35] [UTIL] Warning: No packages found or pm command failed
[2025-07-28 15:48:35] [UTIL] Apps.json generation completed successfully.
[2025-07-28 15:57:19] [UTIL] Starting apps.json generation...
[2025-07-28 15:57:19] [UTIL] Generating app status JSON at ./apps.json
[2025-07-28 15:57:19] [UTIL] Fetching package list with paths...
[2025-07-28 15:57:19] [UTIL] Starting apps.json generation...
[2025-07-28 15:57:19] [UTIL] Generating app status JSON at ./apps.json
[2025-07-28 15:57:19] [UTIL] Warning: No packages found or pm command failed
[2025-07-28 15:57:19] [UTIL] Fetching package list with paths...
[2025-07-28 15:57:19] [UTIL] Warning: No packages found or pm command failed
[2025-07-28 15:57:19] [UTIL] Apps.json generation completed successfully.
[2025-07-28 15:57:19] [UTIL] Apps.json generation completed successfully.
[2025-07-28 15:57:19] [UTIL] Starting apps.json generation...
[2025-07-28 15:57:19] [UTIL] Generating app status JSON at ./apps.json
[2025-07-28 15:57:19] [UTIL] Fetching package list with paths...
[2025-07-28 15:57:19] [UTIL] Warning: No packages found or pm command failed
[2025-07-28 15:57:19] [UTIL] Apps.json generation completed successfully.
[2025-07-28 16:48:48] [UTIL] Starting apps.json generation...
[2025-07-28 16:48:48] [UTIL] Generating app status JSON at ./apps.json
[2025-07-28 16:48:48] [UTIL] Fetching package list with paths...
[2025-07-28 16:48:48] [UTIL] Warning: No packages found or pm command failed
[2025-07-28 16:48:48] [UTIL] Apps.json generation completed successfully.
[2025-07-28 16:57:32] [UTIL] Starting apps.json generation...
[2025-07-28 16:57:32] [UTIL] Starting apps.json generation...
[2025-07-28 16:57:32] [UTIL] Generating app status JSON at ./apps.json
[2025-07-28 16:57:32] [UTIL] Generating app status JSON at ./apps.json
[2025-07-28 16:57:32] [UTIL] Fetching package list with paths...
[2025-07-28 16:57:32] [UTIL] Fetching package list with paths...
[2025-07-28 16:57:32] [UTIL] Warning: No packages found or pm command failed
[2025-07-28 16:57:32] [UTIL] Warning: No packages found or pm command failed
[2025-07-28 16:57:32] [UTIL] Apps.json generation completed successfully.
[2025-07-28 16:57:32] [UTIL] Apps.json generation completed successfully.
[2025-07-28 16:57:33] [UTIL] Starting apps.json generation...
[2025-07-28 16:57:33] [UTIL] Generating app status JSON at ./apps.json
[2025-07-28 16:57:33] [UTIL] Fetching package list with paths...
[2025-07-28 16:57:33] [UTIL] Warning: No packages found or pm command failed
[2025-07-28 16:57:33] [UTIL] Apps.json generation completed successfully.
[2025-07-28 17:49:28] [UTIL] Starting apps.json generation...
[2025-07-28 17:49:28] [UTIL] Generating app status JSON at ./apps.json
[2025-07-28 17:49:28] [UTIL] Fetching package list with paths...
[2025-07-28 17:49:28] [UTIL] Warning: No packages found or pm command failed
[2025-07-28 17:49:28] [UTIL] Apps.json generation completed successfully.
[2025-07-28 17:58:21] [UTIL] Starting apps.json generation...
[2025-07-28 17:58:21] [UTIL] Generating app status JSON at ./apps.json
[2025-07-28 17:58:21] [UTIL] Fetching package list with paths...
[2025-07-28 17:58:21] [UTIL] Starting apps.json generation...
[2025-07-28 17:58:21] [UTIL] Generating app status JSON at ./apps.json
[2025-07-28 17:58:21] [UTIL] Warning: No packages found or pm command failed
[2025-07-28 17:58:21] [UTIL] Fetching package list with paths...
[2025-07-28 17:58:21] [UTIL] Warning: No packages found or pm command failed
[2025-07-28 17:58:21] [UTIL] Apps.json generation completed successfully.
[2025-07-28 17:58:21] [UTIL] Apps.json generation completed successfully.
[2025-07-28 17:58:22] [UTIL] Starting apps.json generation...
[2025-07-28 17:58:22] [UTIL] Generating app status JSON at ./apps.json
[2025-07-28 17:58:22] [UTIL] Fetching package list with paths...
[2025-07-28 17:58:22] [UTIL] Warning: No packages found or pm command failed
[2025-07-28 17:58:22] [UTIL] Apps.json generation completed successfully.
[2025-07-28 18:50:39] [UTIL] Starting apps.json generation...
[2025-07-28 18:50:39] [UTIL] Generating app status JSON at ./apps.json
[2025-07-28 18:50:39] [UTIL] Fetching package list with paths...
[2025-07-28 18:50:39] [UTIL] Warning: No packages found or pm command failed
[2025-07-28 18:50:39] [UTIL] Apps.json generation completed successfully.
[2025-07-28 18:59:32] [UTIL] Starting apps.json generation...
[2025-07-28 18:59:32] [UTIL] Generating app status JSON at ./apps.json
[2025-07-28 18:59:32] [UTIL] Starting apps.json generation...
[2025-07-28 18:59:32] [UTIL] Generating app status JSON at ./apps.json
[2025-07-28 18:59:32] [UTIL] Fetching package list with paths...
[2025-07-28 18:59:32] [UTIL] Fetching package list with paths...
[2025-07-28 18:59:32] [UTIL] Warning: No packages found or pm command failed
[2025-07-28 18:59:32] [UTIL] Warning: No packages found or pm command failed
[2025-07-28 18:59:32] [UTIL] Apps.json generation completed successfully.
[2025-07-28 18:59:32] [UTIL] Apps.json generation completed successfully.
[2025-07-28 18:59:33] [UTIL] Starting apps.json generation...
[2025-07-28 18:59:33] [UTIL] Generating app status JSON at ./apps.json
[2025-07-28 18:59:33] [UTIL] Fetching package list with paths...
[2025-07-28 18:59:33] [UTIL] Warning: No packages found or pm command failed
[2025-07-28 18:59:33] [UTIL] Apps.json generation completed successfully.
[2025-07-28 19:52:11] [UTIL] Starting apps.json generation...
[2025-07-28 19:52:11] [UTIL] Generating app status JSON at ./apps.json
[2025-07-28 19:52:11] [UTIL] Fetching package list with paths...
[2025-07-28 19:52:11] [UTIL] Warning: No packages found or pm command failed
[2025-07-28 19:52:12] [UTIL] Apps.json generation completed successfully.
[2025-07-28 20:01:07] [UTIL] Starting apps.json generation...
[2025-07-28 20:01:07] [UTIL] Generating app status JSON at ./apps.json
[2025-07-28 20:01:07] [UTIL] Fetching package list with paths...
[2025-07-28 20:01:07] [UTIL] Warning: No packages found or pm command failed
[2025-07-28 20:01:07] [UTIL] Apps.json generation completed successfully.
[2025-07-28 20:01:07] [UTIL] Starting apps.json generation...
[2025-07-28 20:01:07] [UTIL] Generating app status JSON at ./apps.json
[2025-07-28 20:01:07] [UTIL] Fetching package list with paths...
[2025-07-28 20:01:07] [UTIL] Warning: No packages found or pm command failed
[2025-07-28 20:01:07] [UTIL] Apps.json generation completed successfully.
[2025-07-28 20:01:08] [UTIL] Starting apps.json generation...
[2025-07-28 20:01:08] [UTIL] Generating app status JSON at ./apps.json
[2025-07-28 20:01:08] [UTIL] Fetching package list with paths...
[2025-07-28 20:01:08] [UTIL] Warning: No packages found or pm command failed
[2025-07-28 20:01:08] [UTIL] Apps.json generation completed successfully.
[2025-07-28 20:53:26] [UTIL] Starting apps.json generation...
[2025-07-28 20:53:26] [UTIL] Generating app status JSON at ./apps.json
[2025-07-28 20:53:26] [UTIL] Fetching package list with paths...
[2025-07-28 20:53:26] [UTIL] Warning: No packages found or pm command failed
[2025-07-28 20:53:26] [UTIL] Apps.json generation completed successfully.
[2025-07-28 21:02:18] [UTIL] Starting apps.json generation...
[2025-07-28 21:02:18] [UTIL] Generating app status JSON at ./apps.json
[2025-07-28 21:02:18] [UTIL] Starting apps.json generation...
[2025-07-28 21:02:18] [UTIL] Generating app status JSON at ./apps.json
[2025-07-28 21:02:18] [UTIL] Fetching package list with paths...
[2025-07-28 21:02:18] [UTIL] Warning: No packages found or pm command failed
[2025-07-28 21:02:18] [UTIL] Fetching package list with paths...
[2025-07-28 21:02:18] [UTIL] Warning: No packages found or pm command failed
[2025-07-28 21:02:18] [UTIL] Apps.json generation completed successfully.
[2025-07-28 21:02:18] [UTIL] Apps.json generation completed successfully.
[2025-07-28 21:02:19] [UTIL] Starting apps.json generation...
[2025-07-28 21:02:19] [UTIL] Generating app status JSON at ./apps.json
[2025-07-28 21:02:19] [UTIL] Fetching package list with paths...
[2025-07-28 21:02:19] [UTIL] Warning: No packages found or pm command failed
[2025-07-28 21:02:19] [UTIL] Apps.json generation completed successfully.
[2025-07-29 05:07:30] [UTIL] Starting apps.json generation...
[2025-07-29 05:07:30] [UTIL] Starting apps.json generation...
[2025-07-29 05:07:30] [UTIL] Generating app status JSON at ./apps.json
[2025-07-29 05:07:30] [UTIL] Generating app status JSON at ./apps.json
[2025-07-29 05:07:30] [UTIL] Fetching package list with paths...
[2025-07-29 05:07:30] [UTIL] Warning: No packages found or pm command failed
[2025-07-29 05:07:30] [UTIL] Fetching package list with paths...
[2025-07-29 05:07:30] [UTIL] Warning: No packages found or pm command failed
[2025-07-29 05:07:30] [UTIL] Apps.json generation completed successfully.
[2025-07-29 05:07:30] [UTIL] Apps.json generation completed successfully.
[2025-07-29 05:09:03] [UTIL] Starting apps.json generation...
[2025-07-29 05:09:03] [UTIL] Generating app status JSON at ./apps.json
[2025-07-29 05:09:03] [UTIL] Fetching package list with paths...
[2025-07-29 05:09:03] [UTIL] Warning: No packages found or pm command failed
[2025-07-29 05:09:04] [UTIL] Apps.json generation completed successfully.
[2025-07-29 05:18:30] [UTIL] Starting apps.json generation...
[2025-07-29 05:18:30] [UTIL] Starting apps.json generation...
[2025-07-29 05:18:30] [UTIL] Generating app status JSON at ./apps.json
[2025-07-29 05:18:30] [UTIL] Generating app status JSON at ./apps.json
[2025-07-29 05:18:30] [UTIL] Fetching package list with paths...
[2025-07-29 05:18:30] [UTIL] Fetching package list with paths...
[2025-07-29 05:18:30] [UTIL] Warning: No packages found or pm command failed
[2025-07-29 05:18:30] [UTIL] Warning: No packages found or pm command failed
[2025-07-29 05:18:30] [UTIL] Apps.json generation completed successfully.
[2025-07-29 05:18:30] [UTIL] Apps.json generation completed successfully.
[2025-07-29 05:18:31] [UTIL] Starting apps.json generation...
[2025-07-29 05:18:31] [UTIL] Generating app status JSON at ./apps.json
[2025-07-29 05:18:31] [UTIL] Fetching package list with paths...
[2025-07-29 05:18:31] [UTIL] Warning: No packages found or pm command failed
[2025-07-29 05:18:31] [UTIL] Apps.json generation completed successfully.
[2025-07-29 06:14:29] [UTIL] Starting apps.json generation...
[2025-07-29 06:14:29] [UTIL] Generating app status JSON at ./apps.json
[2025-07-29 06:14:29] [UTIL] Fetching package list with paths...
[2025-07-29 06:14:29] [UTIL] Warning: No packages found or pm command failed
[2025-07-29 06:14:29] [UTIL] Apps.json generation completed successfully.
[2025-07-29 06:23:57] [UTIL] Starting apps.json generation...
[2025-07-29 06:23:57] [UTIL] Starting apps.json generation...
[2025-07-29 06:23:57] [UTIL] Generating app status JSON at ./apps.json
[2025-07-29 06:23:57] [UTIL] Generating app status JSON at ./apps.json
[2025-07-29 06:23:57] [UTIL] Fetching package list with paths...
[2025-07-29 06:23:57] [UTIL] Fetching package list with paths...
[2025-07-29 06:23:57] [UTIL] Warning: No packages found or pm command failed
[2025-07-29 06:23:57] [UTIL] Warning: No packages found or pm command failed
[2025-07-29 06:23:57] [UTIL] Apps.json generation completed successfully.
[2025-07-29 06:23:57] [UTIL] Apps.json generation completed successfully.
[2025-07-29 06:23:58] [UTIL] Starting apps.json generation...
[2025-07-29 06:23:58] [UTIL] Generating app status JSON at ./apps.json
[2025-07-29 06:23:58] [UTIL] Fetching package list with paths...
[2025-07-29 06:23:58] [UTIL] Warning: No packages found or pm command failed
[2025-07-29 06:23:58] [UTIL] Apps.json generation completed successfully.
[2025-07-29 07:19:57] [UTIL] Starting apps.json generation...
[2025-07-29 07:19:57] [UTIL] Generating app status JSON at ./apps.json
[2025-07-29 07:19:57] [UTIL] Fetching package list with paths...
[2025-07-29 07:19:57] [UTIL] Warning: No packages found or pm command failed
[2025-07-29 07:19:57] [UTIL] Apps.json generation completed successfully.
[2025-07-29 07:29:25] [UTIL] Starting apps.json generation...
[2025-07-29 07:29:25] [UTIL] Generating app status JSON at ./apps.json
[2025-07-29 07:29:25] [UTIL] Starting apps.json generation...
[2025-07-29 07:29:25] [UTIL] Generating app status JSON at ./apps.json
[2025-07-29 07:29:25] [UTIL] Fetching package list with paths...
[2025-07-29 07:29:25] [UTIL] Fetching package list with paths...
[2025-07-29 07:29:25] [UTIL] Warning: No packages found or pm command failed
[2025-07-29 07:29:25] [UTIL] Warning: No packages found or pm command failed
[2025-07-29 07:29:25] [UTIL] Apps.json generation completed successfully.
[2025-07-29 07:29:25] [UTIL] Apps.json generation completed successfully.
[2025-07-29 07:29:25] [UTIL] Starting apps.json generation...
[2025-07-29 07:29:25] [UTIL] Generating app status JSON at ./apps.json
[2025-07-29 07:29:25] [UTIL] Fetching package list with paths...
[2025-07-29 07:29:25] [UTIL] Warning: No packages found or pm command failed
[2025-07-29 07:29:25] [UTIL] Apps.json generation completed successfully.
[2025-07-29 08:25:23] [UTIL] Starting apps.json generation...
[2025-07-29 08:25:23] [UTIL] Generating app status JSON at ./apps.json
[2025-07-29 08:25:23] [UTIL] Fetching package list with paths...
[2025-07-29 08:25:23] [UTIL] Warning: No packages found or pm command failed
[2025-07-29 08:25:23] [UTIL] Apps.json generation completed successfully.
[2025-07-29 08:34:53] [UTIL] Starting apps.json generation...
[2025-07-29 08:34:53] [UTIL] Starting apps.json generation...
[2025-07-29 08:34:53] [UTIL] Generating app status JSON at ./apps.json
[2025-07-29 08:34:53] [UTIL] Generating app status JSON at ./apps.json
[2025-07-29 08:34:53] [UTIL] Fetching package list with paths...
[2025-07-29 08:34:53] [UTIL] Fetching package list with paths...
[2025-07-29 08:34:53] [UTIL] Warning: No packages found or pm command failed
[2025-07-29 08:34:53] [UTIL] Warning: No packages found or pm command failed
[2025-07-29 08:34:53] [UTIL] Apps.json generation completed successfully.
[2025-07-29 08:34:53] [UTIL] Apps.json generation completed successfully.
[2025-07-29 08:34:53] [UTIL] Starting apps.json generation...
[2025-07-29 08:34:53] [UTIL] Generating app status JSON at ./apps.json
[2025-07-29 08:34:53] [UTIL] Fetching package list with paths...
[2025-07-29 08:34:53] [UTIL] Warning: No packages found or pm command failed
[2025-07-29 08:34:53] [UTIL] Apps.json generation completed successfully.
[2025-07-29 09:37:52] [UTIL] Starting apps.json generation...
[2025-07-29 09:37:52] [UTIL] Starting apps.json generation...
[2025-07-29 09:37:52] [UTIL] Generating app status JSON at ./apps.json
[2025-07-29 09:37:52] [UTIL] Generating app status JSON at ./apps.json
[2025-07-29 09:37:52] [UTIL] Fetching package list with paths...
[2025-07-29 09:37:52] [UTIL] Fetching package list with paths...
[2025-07-29 09:37:52] [UTIL] Warning: No packages found or pm command failed
[2025-07-29 09:37:52] [UTIL] Warning: No packages found or pm command failed
[2025-07-29 09:37:52] [UTIL] Apps.json generation completed successfully.
[2025-07-29 09:37:52] [UTIL] Apps.json generation completed successfully.
[2025-07-29 09:55:40] [UTIL] Starting apps.json generation...
[2025-07-29 09:55:40] [UTIL] Generating app status JSON at ./apps.json
[2025-07-29 09:55:40] [UTIL] Fetching package list with paths...
[2025-07-29 09:55:40] [UTIL] Warning: No packages found or pm command failed
[2025-07-29 09:55:40] [UTIL] Apps.json generation completed successfully.
[2025-07-29 10:05:08] [UTIL] Starting apps.json generation...
[2025-07-29 10:05:08] [UTIL] Starting apps.json generation...
[2025-07-29 10:05:08] [UTIL] Generating app status JSON at ./apps.json
[2025-07-29 10:05:08] [UTIL] Generating app status JSON at ./apps.json
[2025-07-29 10:05:08] [UTIL] Fetching package list with paths...
[2025-07-29 10:05:08] [UTIL] Fetching package list with paths...
[2025-07-29 10:05:08] [UTIL] Warning: No packages found or pm command failed
[2025-07-29 10:05:08] [UTIL] Warning: No packages found or pm command failed
[2025-07-29 10:05:08] [UTIL] Apps.json generation completed successfully.
[2025-07-29 10:05:08] [UTIL] Apps.json generation completed successfully.
[2025-07-29 10:05:09] [UTIL] Starting apps.json generation...
[2025-07-29 10:05:09] [UTIL] Generating app status JSON at ./apps.json
[2025-07-29 10:05:09] [UTIL] Fetching package list with paths...
[2025-07-29 10:05:09] [UTIL] Warning: No packages found or pm command failed
[2025-07-29 10:05:09] [UTIL] Apps.json generation completed successfully.
[2025-07-29 11:01:04] [UTIL] Starting apps.json generation...
[2025-07-29 11:01:04] [UTIL] Generating app status JSON at ./apps.json
[2025-07-29 11:01:04] [UTIL] Fetching package list with paths...
[2025-07-29 11:01:04] [UTIL] Warning: No packages found or pm command failed
[2025-07-29 11:01:04] [UTIL] Apps.json generation completed successfully.
[2025-07-29 11:10:36] [UTIL] Starting apps.json generation...
[2025-07-29 11:10:36] [UTIL] Starting apps.json generation...
[2025-07-29 11:10:36] [UTIL] Generating app status JSON at ./apps.json
[2025-07-29 11:10:36] [UTIL] Generating app status JSON at ./apps.json
[2025-07-29 11:10:36] [UTIL] Fetching package list with paths...
[2025-07-29 11:10:36] [UTIL] Fetching package list with paths...
[2025-07-29 11:10:36] [UTIL] Warning: No packages found or pm command failed
[2025-07-29 11:10:36] [UTIL] Warning: No packages found or pm command failed
[2025-07-29 11:10:36] [UTIL] Apps.json generation completed successfully.
[2025-07-29 11:10:36] [UTIL] Apps.json generation completed successfully.
[2025-07-29 11:10:37] [UTIL] Starting apps.json generation...
[2025-07-29 11:10:37] [UTIL] Generating app status JSON at ./apps.json
[2025-07-29 11:10:37] [UTIL] Fetching package list with paths...
[2025-07-29 11:10:37] [UTIL] Warning: No packages found or pm command failed
[2025-07-29 11:10:37] [UTIL] Apps.json generation completed successfully.
[2025-07-29 12:06:38] [UTIL] Starting apps.json generation...
[2025-07-29 12:06:38] [UTIL] Generating app status JSON at ./apps.json
[2025-07-29 12:06:38] [UTIL] Fetching package list with paths...
[2025-07-29 12:06:38] [UTIL] Warning: No packages found or pm command failed
[2025-07-29 12:06:38] [UTIL] Apps.json generation completed successfully.
[2025-07-29 12:16:04] [UTIL] Starting apps.json generation...
[2025-07-29 12:16:04] [UTIL] Starting apps.json generation...
[2025-07-29 12:16:04] [UTIL] Generating app status JSON at ./apps.json
[2025-07-29 12:16:04] [UTIL] Generating app status JSON at ./apps.json
[2025-07-29 12:16:04] [UTIL] Fetching package list with paths...
[2025-07-29 12:16:04] [UTIL] Fetching package list with paths...
[2025-07-29 12:16:04] [UTIL] Warning: No packages found or pm command failed
[2025-07-29 12:16:04] [UTIL] Warning: No packages found or pm command failed
[2025-07-29 12:16:04] [UTIL] Apps.json generation completed successfully.
[2025-07-29 12:16:04] [UTIL] Apps.json generation completed successfully.
[2025-07-29 12:16:04] [UTIL] Starting apps.json generation...
[2025-07-29 12:16:04] [UTIL] Generating app status JSON at ./apps.json
[2025-07-29 12:16:04] [UTIL] Fetching package list with paths...
[2025-07-29 12:16:04] [UTIL] Warning: No packages found or pm command failed
[2025-07-29 12:16:04] [UTIL] Apps.json generation completed successfully.
[2025-07-29 13:12:04] [UTIL] Starting apps.json generation...
[2025-07-29 13:12:04] [UTIL] Generating app status JSON at ./apps.json
[2025-07-29 13:12:04] [UTIL] Fetching package list with paths...
[2025-07-29 13:12:04] [UTIL] Warning: No packages found or pm command failed
[2025-07-29 13:12:04] [UTIL] Apps.json generation completed successfully.
[2025-07-29 13:21:32] [UTIL] Starting apps.json generation...
[2025-07-29 13:21:32] [UTIL] Generating app status JSON at ./apps.json
[2025-07-29 13:21:32] [UTIL] Fetching package list with paths...
[2025-07-29 13:21:32] [UTIL] Warning: No packages found or pm command failed
[2025-07-29 13:21:32] [UTIL] Apps.json generation completed successfully.
[2025-07-29 13:21:32] [UTIL] Starting apps.json generation...
[2025-07-29 13:21:32] [UTIL] Generating app status JSON at ./apps.json
[2025-07-29 13:21:32] [UTIL] Fetching package list with paths...
[2025-07-29 13:21:32] [UTIL] Warning: No packages found or pm command failed
[2025-07-29 13:21:32] [UTIL] Apps.json generation completed successfully.
[2025-07-29 13:21:33] [UTIL] Starting apps.json generation...
[2025-07-29 13:21:33] [UTIL] Generating app status JSON at ./apps.json
[2025-07-29 13:21:33] [UTIL] Fetching package list with paths...
[2025-07-29 13:21:33] [UTIL] Warning: No packages found or pm command failed
[2025-07-29 13:21:33] [UTIL] Apps.json generation completed successfully.
[2025-07-29 14:17:33] [UTIL] Starting apps.json generation...
[2025-07-29 14:17:33] [UTIL] Generating app status JSON at ./apps.json
[2025-07-29 14:17:33] [UTIL] Fetching package list with paths...
[2025-07-29 14:17:33] [UTIL] Warning: No packages found or pm command failed
[2025-07-29 14:17:33] [UTIL] Apps.json generation completed successfully.
[2025-08-07 10:14:12] [UTIL] Starting apps.json generation...
[2025-08-07 10:14:12] [UTIL] Generating app status JSON at ./apps.json
[2025-08-07 10:14:12] [UTIL] Fetching package list with paths...
[2025-08-07 10:14:12] [UTIL] Warning: No packages found or pm command failed
[2025-08-07 10:14:12] [UTIL] Apps.json generation completed successfully.
[2025-08-07 10:14:12] [UTIL] Starting apps.json generation...
[2025-08-07 10:14:12] [UTIL] Generating app status JSON at ./apps.json
[2025-08-07 10:14:12] [UTIL] Fetching package list with paths...
[2025-08-07 10:14:12] [UTIL] Warning: No packages found or pm command failed
[2025-08-07 10:14:12] [UTIL] Apps.json generation completed successfully.
[2025-08-07 10:14:12] [UTIL] Starting apps.json generation...
[2025-08-07 10:14:12] [UTIL] Generating app status JSON at ./apps.json
[2025-08-07 10:14:12] [UTIL] Fetching package list with paths...
[2025-08-07 10:14:12] [UTIL] Warning: No packages found or pm command failed
[2025-08-07 10:14:12] [UTIL] Apps.json generation completed successfully.
[2025-08-07 10:14:13] [UTIL] Starting apps.json generation...
[2025-08-07 10:14:13] [UTIL] Generating app status JSON at ./apps.json
[2025-08-07 10:14:13] [UTIL] Fetching package list with paths...
[2025-08-07 10:14:13] [UTIL] Warning: No packages found or pm command failed
[2025-08-07 10:14:13] [UTIL] Apps.json generation completed successfully.
